[07:45:18] [ServerMain/INFO]: Environment: authHost='https://authserver.mojang.com', accountsHost='https://api.mojang.com', sessionHost='https://sessionserver.mojang.com', servicesHost='https://api.minecraftservices.com', name='PROD'
[07:45:21] [Worker-Main-6/INFO]: Loaded 7 recipes
[07:45:23] [Server thread/INFO]: Starting minecraft server version 1.18.2
[07:45:23] [Server thread/INFO]: Loading properties
[07:45:24] [Server thread/INFO]: This server is running CraftBukkit version 3498-Spigot-b081915-10ba1be (MC: 1.18.2) (Implementing API version 1.18.2-R0.1-SNAPSHOT)
[07:45:24] [Server thread/INFO]: Debug logging is disabled
[07:45:24] [Server thread/INFO]: Server Ping Player Sample Count: 12
[07:45:24] [Server thread/INFO]: Using 4 threads for Netty based IO
[07:45:24] [Server thread/INFO]: Default game type: SURVIVAL
[07:45:24] [Server thread/INFO]: Generating keypair
[07:45:24] [Server thread/INFO]: Starting Minecraft server on *:25565
[07:45:24] [Server thread/INFO]: Using epoll channel type
[07:45:26] [Server thread/INFO]: [ViaVersion] Loading ViaVersion v4.7.0
[07:45:26] [Server thread/INFO]: [ViaVersion] ViaVersion 4.7.0 is now loaded. Registering protocol transformers and injecting...
[07:45:27] [Via-Mappingloader-0/INFO]: [ViaVersion] Loading block connection mappings ...
[07:45:27] [Server thread/INFO]: [floodgate] Loading floodgate v2.2.2-SNAPSHOT (b59-2278589)
[07:45:27] [Via-Mappingloader-0/INFO]: [ViaVersion] Using FastUtil Long2ObjectOpenHashMap for block connections
[07:45:29] [Server thread/WARN]: [floodgate] en_ is not a supported Floodgate language.
[07:45:29] [Server thread/INFO]: [floodgate] Took 1,486ms to boot Floodgate
[07:45:29] [Server thread/INFO]: [Geyser-Spigot] Loading Geyser-Spigot v2.1.2-SNAPSHOT
[07:45:30] [Server thread/INFO]: [Geyser-Spigot] Loading extensions...
[07:45:30] [Server thread/INFO]: [Geyser-Spigot] Loaded 0 extension(s)
[07:45:30] [Server thread/INFO]: Preparing level "world"
[07:45:31] [Server thread/INFO]: -------- World Settings For [world] --------
[07:45:31] [Server thread/INFO]: Experience Merge Radius: 3.0
[07:45:31] [Server thread/INFO]: Mob Spawn Range: 6
[07:45:31] [Server thread/INFO]: Cactus Growth Modifier: 100%
[07:45:31] [Server thread/INFO]: Cane Growth Modifier: 100%
[07:45:31] [Server thread/INFO]: Melon Growth Modifier: 100%
[07:45:31] [Server thread/INFO]: Mushroom Growth Modifier: 100%
[07:45:31] [Server thread/INFO]: Pumpkin Growth Modifier: 100%
[07:45:31] [Server thread/INFO]: Sapling Growth Modifier: 100%
[07:45:31] [Server thread/INFO]: Beetroot Growth Modifier: 100%
[07:45:31] [Server thread/INFO]: Carrot Growth Modifier: 100%
[07:45:31] [Server thread/INFO]: Potato Growth Modifier: 100%
[07:45:31] [Server thread/INFO]: Wheat Growth Modifier: 100%
[07:45:31] [Server thread/INFO]: NetherWart Growth Modifier: 100%
[07:45:31] [Server thread/INFO]: Vine Growth Modifier: 100%
[07:45:31] [Server thread/INFO]: Cocoa Growth Modifier: 100%
[07:45:31] [Server thread/INFO]: Bamboo Growth Modifier: 100%
[07:45:31] [Server thread/INFO]: SweetBerry Growth Modifier: 100%
[07:45:31] [Server thread/INFO]: Kelp Growth Modifier: 100%
[07:45:31] [Server thread/INFO]: Entity Activation Range: An 32 / Mo 32 / Ra 48 / Mi 16 / Tiv true / Isa false
[07:45:31] [Server thread/INFO]: Entity Tracking Range: Pl 48 / An 48 / Mo 48 / Mi 32 / Other 64
[07:45:31] [Server thread/INFO]: Hopper Transfer: 8 Hopper Check: 1 Hopper Amount: 1
[07:45:31] [Server thread/INFO]: Custom Map Seeds:  Village: 10387312 Desert: 14357617 Igloo: 14357618 Jungle: 14357619 Swamp: 14357620 Monument: 10387313 Ocean: 14357621 Shipwreck: 165745295 End City: 10387313 Slime: 987234911 Nether: 30084232 Mansion: 10387319 Fossil: 14357921 Portal: 34222645
[07:45:31] [Server thread/INFO]: Max TNT Explosions: 100
[07:45:31] [Server thread/INFO]: Tile Max Tick Time: 50ms Entity max Tick Time: 50ms
[07:45:31] [Server thread/INFO]: Item Despawn Rate: 6000
[07:45:31] [Server thread/INFO]: Item Merge Radius: 2.5
[07:45:31] [Server thread/INFO]: View Distance: 10
[07:45:31] [Server thread/INFO]: Simulation Distance: 10
[07:45:31] [Server thread/INFO]: Allow Zombie Pigmen to spawn from portal blocks: true
[07:45:31] [Server thread/INFO]: Arrow Despawn Rate: 1200 Trident Respawn Rate:1200
[07:45:31] [Server thread/INFO]: Zombie Aggressive Towards Villager: true
[07:45:31] [Server thread/INFO]: Nerfing mobs spawned from spawners: false
[07:45:32] [Server thread/INFO]: -------- World Settings For [world_nether] --------
[07:45:32] [Server thread/INFO]: Experience Merge Radius: 3.0
[07:45:32] [Server thread/INFO]: Mob Spawn Range: 6
[07:45:32] [Server thread/INFO]: Cactus Growth Modifier: 100%
[07:45:32] [Server thread/INFO]: Cane Growth Modifier: 100%
[07:45:32] [Server thread/INFO]: Melon Growth Modifier: 100%
[07:45:32] [Server thread/INFO]: Mushroom Growth Modifier: 100%
[07:45:32] [Server thread/INFO]: Pumpkin Growth Modifier: 100%
[07:45:32] [Server thread/INFO]: Sapling Growth Modifier: 100%
[07:45:32] [Server thread/INFO]: Beetroot Growth Modifier: 100%
[07:45:32] [Server thread/INFO]: Carrot Growth Modifier: 100%
[07:45:32] [Server thread/INFO]: Potato Growth Modifier: 100%
[07:45:32] [Server thread/INFO]: Wheat Growth Modifier: 100%
[07:45:32] [Server thread/INFO]: NetherWart Growth Modifier: 100%
[07:45:32] [Server thread/INFO]: Vine Growth Modifier: 100%
[07:45:32] [Server thread/INFO]: Cocoa Growth Modifier: 100%
[07:45:32] [Server thread/INFO]: Bamboo Growth Modifier: 100%
[07:45:32] [Server thread/INFO]: SweetBerry Growth Modifier: 100%
[07:45:32] [Server thread/INFO]: Kelp Growth Modifier: 100%
[07:45:32] [Server thread/INFO]: Entity Activation Range: An 32 / Mo 32 / Ra 48 / Mi 16 / Tiv true / Isa false
[07:45:32] [Server thread/INFO]: Entity Tracking Range: Pl 48 / An 48 / Mo 48 / Mi 32 / Other 64
[07:45:32] [Server thread/INFO]: Hopper Transfer: 8 Hopper Check: 1 Hopper Amount: 1
[07:45:32] [Server thread/INFO]: Custom Map Seeds:  Village: 10387312 Desert: 14357617 Igloo: 14357618 Jungle: 14357619 Swamp: 14357620 Monument: 10387313 Ocean: 14357621 Shipwreck: 165745295 End City: 10387313 Slime: 987234911 Nether: 30084232 Mansion: 10387319 Fossil: 14357921 Portal: 34222645
[07:45:32] [Server thread/INFO]: Max TNT Explosions: 100
[07:45:32] [Server thread/INFO]: Tile Max Tick Time: 50ms Entity max Tick Time: 50ms
[07:45:32] [Server thread/INFO]: Item Despawn Rate: 6000
[07:45:32] [Server thread/INFO]: Item Merge Radius: 2.5
[07:45:32] [Server thread/INFO]: View Distance: 10
[07:45:32] [Server thread/INFO]: Simulation Distance: 10
[07:45:32] [Server thread/INFO]: Allow Zombie Pigmen to spawn from portal blocks: true
[07:45:32] [Server thread/INFO]: Arrow Despawn Rate: 1200 Trident Respawn Rate:1200
[07:45:32] [Server thread/INFO]: Zombie Aggressive Towards Villager: true
[07:45:32] [Server thread/INFO]: Nerfing mobs spawned from spawners: false
[07:45:32] [Server thread/INFO]: -------- World Settings For [world_the_end] --------
[07:45:32] [Server thread/INFO]: Experience Merge Radius: 3.0
[07:45:32] [Server thread/INFO]: Mob Spawn Range: 6
[07:45:32] [Server thread/INFO]: Cactus Growth Modifier: 100%
[07:45:32] [Server thread/INFO]: Cane Growth Modifier: 100%
[07:45:32] [Server thread/INFO]: Melon Growth Modifier: 100%
[07:45:32] [Server thread/INFO]: Mushroom Growth Modifier: 100%
[07:45:32] [Server thread/INFO]: Pumpkin Growth Modifier: 100%
[07:45:32] [Server thread/INFO]: Sapling Growth Modifier: 100%
[07:45:32] [Server thread/INFO]: Beetroot Growth Modifier: 100%
[07:45:32] [Server thread/INFO]: Carrot Growth Modifier: 100%
[07:45:32] [Server thread/INFO]: Potato Growth Modifier: 100%
[07:45:32] [Server thread/INFO]: Wheat Growth Modifier: 100%
[07:45:32] [Server thread/INFO]: NetherWart Growth Modifier: 100%
[07:45:32] [Server thread/INFO]: Vine Growth Modifier: 100%
[07:45:32] [Server thread/INFO]: Cocoa Growth Modifier: 100%
[07:45:32] [Server thread/INFO]: Bamboo Growth Modifier: 100%
[07:45:32] [Server thread/INFO]: SweetBerry Growth Modifier: 100%
[07:45:32] [Server thread/INFO]: Kelp Growth Modifier: 100%
[07:45:32] [Server thread/INFO]: Entity Activation Range: An 32 / Mo 32 / Ra 48 / Mi 16 / Tiv true / Isa false
[07:45:32] [Server thread/INFO]: Entity Tracking Range: Pl 48 / An 48 / Mo 48 / Mi 32 / Other 64
[07:45:32] [Server thread/INFO]: Hopper Transfer: 8 Hopper Check: 1 Hopper Amount: 1
[07:45:32] [Server thread/INFO]: Custom Map Seeds:  Village: 10387312 Desert: 14357617 Igloo: 14357618 Jungle: 14357619 Swamp: 14357620 Monument: 10387313 Ocean: 14357621 Shipwreck: 165745295 End City: 10387313 Slime: 987234911 Nether: 30084232 Mansion: 10387319 Fossil: 14357921 Portal: 34222645
[07:45:32] [Server thread/INFO]: Max TNT Explosions: 100
[07:45:32] [Server thread/INFO]: Tile Max Tick Time: 50ms Entity max Tick Time: 50ms
[07:45:32] [Server thread/INFO]: Item Despawn Rate: 6000
[07:45:32] [Server thread/INFO]: Item Merge Radius: 2.5
[07:45:32] [Server thread/INFO]: View Distance: 10
[07:45:32] [Server thread/INFO]: Simulation Distance: 10
[07:45:32] [Server thread/INFO]: Allow Zombie Pigmen to spawn from portal blocks: true
[07:45:32] [Server thread/INFO]: Arrow Despawn Rate: 1200 Trident Respawn Rate:1200
[07:45:32] [Server thread/INFO]: Zombie Aggressive Towards Villager: true
[07:45:32] [Server thread/INFO]: Nerfing mobs spawned from spawners: false
[07:45:32] [Server thread/INFO]: Preparing start region for dimension minecraft:overworld
[07:45:35] [Worker-Main-5/INFO]: Preparing spawn area: 0%
[07:45:35] [Worker-Main-4/INFO]: Preparing spawn area: 0%
[07:45:35] [Worker-Main-4/INFO]: Preparing spawn area: 0%
[07:45:35] [Worker-Main-5/INFO]: Preparing spawn area: 0%
[07:45:35] [Worker-Main-4/INFO]: Preparing spawn area: 0%
[07:45:35] [Worker-Main-5/INFO]: Preparing spawn area: 0%
[07:45:44] [Worker-Main-4/INFO]: Preparing spawn area: 0%
[07:45:44] [Worker-Main-4/INFO]: Preparing spawn area: 0%
[07:45:44] [Worker-Main-4/INFO]: Preparing spawn area: 0%
[07:45:44] [Worker-Main-4/INFO]: Preparing spawn area: 0%
[07:45:44] [Worker-Main-4/INFO]: Preparing spawn area: 0%
[07:45:44] [Worker-Main-5/INFO]: Preparing spawn area: 0%
[07:45:44] [Worker-Main-5/INFO]: Preparing spawn area: 0%
[07:45:44] [Worker-Main-5/INFO]: Preparing spawn area: 0%
[07:45:44] [Worker-Main-5/INFO]: Preparing spawn area: 0%
[07:45:44] [Worker-Main-5/INFO]: Preparing spawn area: 0%
[07:45:44] [Worker-Main-5/INFO]: Preparing spawn area: 0%
[07:45:44] [Worker-Main-5/INFO]: Preparing spawn area: 0%
[07:45:44] [Worker-Main-5/INFO]: Preparing spawn area: 0%
[07:45:44] [Worker-Main-5/INFO]: Preparing spawn area: 0%
[07:45:44] [Worker-Main-5/INFO]: Preparing spawn area: 0%
[07:45:44] [Worker-Main-5/INFO]: Preparing spawn area: 0%
[07:45:44] [Worker-Main-5/INFO]: Preparing spawn area: 0%
[07:45:44] [Worker-Main-4/INFO]: Preparing spawn area: 0%
[07:45:44] [Worker-Main-4/INFO]: Preparing spawn area: 4%
[07:45:45] [Worker-Main-6/INFO]: Preparing spawn area: 6%
[07:45:45] [Worker-Main-5/INFO]: Preparing spawn area: 15%
[07:45:46] [Worker-Main-6/INFO]: Preparing spawn area: 19%
[07:45:47] [Worker-Main-4/INFO]: Preparing spawn area: 29%
[07:45:47] [Worker-Main-4/INFO]: Preparing spawn area: 36%
[07:45:47] [Worker-Main-4/INFO]: Preparing spawn area: 54%
[07:45:48] [Worker-Main-4/INFO]: Preparing spawn area: 68%
[07:45:48] [Worker-Main-6/INFO]: Preparing spawn area: 82%
[07:45:49] [Worker-Main-6/INFO]: Preparing spawn area: 83%
[07:45:50] [Worker-Main-6/INFO]: Preparing spawn area: 83%
[07:45:50] [Worker-Main-4/INFO]: Preparing spawn area: 84%
[07:45:50] [Worker-Main-4/INFO]: Preparing spawn area: 85%
[07:45:51] [Worker-Main-4/INFO]: Preparing spawn area: 86%
[07:45:51] [Worker-Main-4/INFO]: Preparing spawn area: 92%
[07:45:52] [Worker-Main-5/INFO]: Preparing spawn area: 93%
[07:45:52] [Worker-Main-6/INFO]: Preparing spawn area: 96%
[07:45:53] [Worker-Main-6/INFO]: Preparing spawn area: 98%
[07:45:54] [Worker-Main-6/INFO]: Preparing spawn area: 99%
[07:45:54] [Server thread/INFO]: Time elapsed: 21236 ms
[07:45:54] [Server thread/INFO]: Preparing start region for dimension minecraft:the_nether
[07:45:55] [Worker-Main-4/INFO]: Preparing spawn area: 0%
[07:45:55] [Worker-Main-5/INFO]: Preparing spawn area: 0%
[07:45:55] [Worker-Main-5/INFO]: Preparing spawn area: 0%
[07:45:55] [Worker-Main-5/INFO]: Preparing spawn area: 0%
[07:45:56] [Worker-Main-5/INFO]: Preparing spawn area: 0%
[07:45:56] [Worker-Main-6/INFO]: Preparing spawn area: 0%
[07:45:57] [Worker-Main-6/INFO]: Preparing spawn area: 4%
[07:45:57] [Worker-Main-4/INFO]: Preparing spawn area: 21%
[07:45:58] [Worker-Main-6/INFO]: Preparing spawn area: 39%
[07:45:58] [Worker-Main-4/INFO]: Preparing spawn area: 68%
[07:45:59] [Worker-Main-4/INFO]: Preparing spawn area: 69%
[07:45:59] [Worker-Main-4/INFO]: Preparing spawn area: 71%
[07:46:00] [Worker-Main-6/INFO]: Preparing spawn area: 74%
[07:46:00] [Worker-Main-4/INFO]: Preparing spawn area: 78%
[07:46:01] [Worker-Main-5/INFO]: Preparing spawn area: 80%
[07:46:02] [Worker-Main-4/INFO]: Preparing spawn area: 83%
[07:46:02] [Worker-Main-4/INFO]: Preparing spawn area: 83%
[07:46:02] [Worker-Main-4/INFO]: Preparing spawn area: 84%
[07:46:03] [Worker-Main-5/INFO]: Preparing spawn area: 86%
[07:46:03] [Worker-Main-5/INFO]: Preparing spawn area: 89%
[07:46:04] [Worker-Main-5/INFO]: Preparing spawn area: 91%
[07:46:04] [Worker-Main-6/INFO]: Preparing spawn area: 93%
[07:46:05] [Worker-Main-4/INFO]: Preparing spawn area: 96%
[07:46:05] [Server thread/INFO]: Time elapsed: 11463 ms
[07:46:05] [Server thread/INFO]: Preparing start region for dimension minecraft:the_end
[07:46:07] [Worker-Main-4/INFO]: Preparing spawn area: 0%
[07:46:07] [Worker-Main-4/INFO]: Preparing spawn area: 0%
[07:46:07] [Worker-Main-4/INFO]: Preparing spawn area: 0%
[07:46:07] [Worker-Main-5/INFO]: Preparing spawn area: 0%
[07:46:07] [Worker-Main-4/INFO]: Preparing spawn area: 0%
[07:46:08] [Worker-Main-5/INFO]: Preparing spawn area: 0%
[07:46:08] [Worker-Main-5/INFO]: Preparing spawn area: 8%
[07:46:09] [Worker-Main-5/INFO]: Preparing spawn area: 34%
[07:46:09] [Worker-Main-4/INFO]: Preparing spawn area: 68%
[07:46:10] [Worker-Main-6/INFO]: Preparing spawn area: 76%
[07:46:10] [Worker-Main-4/INFO]: Preparing spawn area: 85%
[07:46:11] [Worker-Main-4/INFO]: Preparing spawn area: 92%
[07:46:11] [Server thread/INFO]: Time elapsed: 5812 ms
[07:46:11] [Server thread/INFO]: [ViaVersion] Enabling ViaVersion v4.7.0
[07:46:11] [Server thread/INFO]: [floodgate] Enabling floodgate v2.2.2-SNAPSHOT (b59-2278589)
[07:46:12] [Server thread/INFO]: [Geyser-Spigot] Enabling Geyser-Spigot v2.1.2-SNAPSHOT
[07:46:12] [Server thread/INFO]: Server permissions file permissions.yml is empty, ignoring it
[07:46:12] [Server thread/INFO]: [Geyser-Spigot] ******************************************
[07:46:12] [Server thread/INFO]: [Geyser-Spigot] 
[07:46:12] [Server thread/INFO]: [Geyser-Spigot] Loading Geyser version 2.1.2-SNAPSHOT (git-master-6296d4a)
[07:46:12] [Server thread/INFO]: [Geyser-Spigot] 
[07:46:12] [Server thread/INFO]: [Geyser-Spigot] ******************************************
[07:46:19] [epollEventLoopGroup-3-1/INFO]: [Geyser-Spigot] Started Geyser on 0.0.0.0:25565
[07:46:19] [Server thread/INFO]: [Geyser-Spigot] Done (7.027s)! Run /geyser help for help!
[07:46:19] [ForkJoinPool.commonPool-worker-2/INFO]: [Geyser-Spigot] §aThere's a new Geyser update available to support Bedrock version 1.20.10. Download it here: §9§nhttps://ci.geysermc.org
[07:46:19] [Server thread/INFO]: Done (48.728s)! For help, type "help"
[07:46:19] [Server thread/INFO]: [ViaVersion] ViaVersion detected server version: 1.18.2 (758)
[07:46:19] [Craft Scheduler Thread - 1/INFO]: [ViaVersion] Finished mapping loading, shutting down loader executor!
[07:46:40] [User Authenticator #1/INFO]: UUID of player Avocadoapple is bfb28e15-c5a3-445f-b6c7-e70f2e857500
[07:46:40] [Server thread/INFO]: Avocadoapple[/10.147.17.201:57856] logged in with entity id 301 at ([world]-0.6070760483849484, 49.21956616102007, -3.9906853409327647)
[07:46:50] [epollEventLoopGroup-3-1/INFO]: [Geyser-Spigot] /10.147.17.201:53175 tried to connect!
[07:46:53] [epollEventLoopGroup-3-2/INFO]: [Geyser-Spigot] Player connected with username Avocadoapple533
[07:46:53] [defaultEventLoopGroup-6-2/INFO]: [Geyser-Spigot] Avocadoapple533 (logged in as: Avocadoapple533) has connected to the Java server
[07:46:54] [Geyser Spigot connection thread-5-3/INFO]: UUID of player .Avocadoapple533 is 00000000-0000-0000-0009-01fe3699b182
[07:46:54] [Server thread/INFO]: [floodgate] Floodgate player logged in as .Avocadoapple533 joined (UUID: 00000000-0000-0000-0009-01fe3699b182)
[07:46:54] [Server thread/INFO]: .Avocadoapple533[/10.147.17.201:0] logged in with entity id 334 at ([world]8.5, 69.0, -3.5)
[07:46:55] [WebSocketConnectReadThread-97/INFO]: [floodgate] Got disconnected from the skin uploader: failed to find the given code in combination with the verify code
[07:47:33] [Server thread/INFO]: Made .Avocadoapple533 a server operator
[07:47:50] [Server thread/INFO]: .Avocadoapple533 issued server command: /gamemode creative
[07:47:50] [Server thread/INFO]: [.Avocadoapple533: Set own game mode to Creative Mode]
[07:51:31] [Server thread/INFO]: Avocadoapple lost connection: Disconnected
[07:51:31] [Server thread/INFO]: Avocadoapple left the game
[07:51:53] [Server thread/INFO]: .Avocadoapple533 has reached the goal [Sky's the Limit]
[07:52:14] [Server thread/INFO]: .Avocadoapple533 has made the advancement [Cover Me with Diamonds]
[07:53:11] [Server thread/INFO]: .Avocadoapple533 has made the advancement [The End?]
[07:53:12] [Server thread/INFO]: Scanning for legacy world dragon fight...
[07:53:12] [Server thread/INFO]: Found that the dragon has not yet been killed in this world.
[08:02:53] [Server thread/INFO]: Unknown command. Type "/help" for help.[m
[08:03:01] [Server thread/INFO]: Gamerule doFireTick is now set to: false
[08:06:01] [Server thread/INFO]: .Avocadoapple533 has made the advancement [Hot Stuff]
[08:12:35] [Server thread/INFO]: .Avocadoapple533 issued server command: /setworldspawn
[08:12:35] [Server thread/INFO]: [.Avocadoapple533: Set the world spawn point to 18, 80, -3 [0.0]]
[08:13:55] [Server thread/INFO]: .Avocadoapple533 issued server command: /gamemode creative
[08:14:07] [Server thread/INFO]: .Avocadoapple533 issued server command: /gamemode survival
[08:14:07] [Server thread/INFO]: [.Avocadoapple533: Set own game mode to Survival Mode]
[08:14:17] [defaultEventLoopGroup-6-2/INFO]: [Geyser-Spigot] Avocadoapple533 has disconnected from the Java server because of Bedrock client disconnected
[08:14:17] [Geyser Spigot connection thread-5-3/INFO]: [floodgate] Floodgate player logged in as .Avocadoapple533 disconnected
[08:14:17] [Server thread/INFO]: .Avocadoapple533 lost connection: Disconnected
[08:14:17] [Server thread/INFO]: .Avocadoapple533 left the game
[08:20:18] [Thread-1/INFO]: Stopping server
[08:20:18] [Thread-1/INFO]: [Geyser-Spigot] Disabling Geyser-Spigot v2.1.2-SNAPSHOT
[08:20:18] [Server console handler/ERROR]: Exception handling console input
java.io.IOException: Input/output error
	at java.io.FileInputStream.readBytes(Native Method) ~[?:?]
	at java.io.FileInputStream.read(FileInputStream.java:276) ~[?:?]
	at java.io.BufferedInputStream.fill(BufferedInputStream.java:244) ~[?:?]
	at java.io.BufferedInputStream.read(BufferedInputStream.java:263) ~[?:?]
	at jline.internal.NonBlockingInputStream.read(NonBlockingInputStream.java:169) ~[jline-2.12.1.jar:?]
	at jline.internal.NonBlockingInputStream.read(NonBlockingInputStream.java:137) ~[jline-2.12.1.jar:?]
	at jline.internal.NonBlockingInputStream.read(NonBlockingInputStream.java:246) ~[jline-2.12.1.jar:?]
	at jline.internal.InputStreamReader.read(InputStreamReader.java:261) ~[jline-2.12.1.jar:?]
	at jline.internal.InputStreamReader.read(InputStreamReader.java:198) ~[jline-2.12.1.jar:?]
	at jline.console.ConsoleReader.readCharacter(ConsoleReader.java:2145) ~[jline-2.12.1.jar:?]
	at jline.console.ConsoleReader.readLine(ConsoleReader.java:2349) ~[jline-2.12.1.jar:?]
	at net.minecraft.server.dedicated.DedicatedServer$1.run(DedicatedServer.java:129) [spigot-1.18.2-R0.1-SNAPSHOT.jar:3498-Spigot-b081915-10ba1be]
[08:20:18] [Thread-1/INFO]: [Geyser-Spigot] Shutting down Geyser.
